# JRE version: Java(TM) SE Runtime Environment (17.0.12+8) (build 17.0.12+8-LTS-286)
# Java VM: Java HotSpot(TM) 64-Bit Server VM (17.0.12+8-LTS-286, mixed mode, sharing, tiered, compressed oops, compressed class ptrs, g1 gc, windows-amd64)
GC Precious Log:
 CPUs: 12 total, 12 available
 Memory: 15762M
 Large Page Support: Disabled
 NUMA Support: Disabled
 Compressed Oops: Enabled (32-bit)
 Heap Region Size: 1M
 Heap Min Capacity: 8M
 Heap Initial Capacity: 248M
 Heap Max Capacity: 2G
 Pre-touch: Disabled
 Parallel Workers: 10
 Concurrent Workers: 3
 Concurrent Refinement Workers: 10
 Periodic GC: Disabled
Heap:
 garbage-first heap   total 120832K, used 66211K [0x0000000080000000, 0x0000000100000000)
  region size 1024K, 15 young (15360K), 2 survivors (2048K)
 Metaspace       used 67397K, committed 68160K, reserved 1114112K
  class space    used 9466K, committed 9856K, reserved 1048576K
GC Heap History (20 events):
Event: 494.486 GC heap before
{Heap before GC invocations=20 (full 0):
 garbage-first heap   total 86016K, used 69834K [0x0000000080000000, 0x0000000100000000)
  region size 1024K, 27 young (27648K), 3 survivors (3072K)
 Metaspace       used 53618K, committed 54336K, reserved 1114112K
  class space    used 7652K, committed 8000K, reserved 1048576K
}
Event: 494.488 GC heap after
{Heap after GC invocations=21 (full 0):
 garbage-first heap   total 86016K, used 46670K [0x0000000080000000, 0x0000000100000000)
  region size 1024K, 3 young (3072K), 3 survivors (3072K)
 Metaspace       used 53618K, committed 54336K, reserved 1114112K
  class space    used 7652K, committed 8000K, reserved 1048576K
}
Event: 494.489 GC heap before
{Heap before GC invocations=21 (full 0):
 garbage-first heap   total 86016K, used 46670K [0x0000000080000000, 0x0000000100000000)
  region size 1024K, 4 young (4096K), 3 survivors (3072K)
 Metaspace       used 53618K, committed 54336K, reserved 1114112K
  class space    used 7652K, committed 8000K, reserved 1048576K
}
Event: 494.491 GC heap after
{Heap after GC invocations=22 (full 0):
 garbage-first heap   total 86016K, used 47057K [0x0000000080000000, 0x0000000100000000)
  region size 1024K, 3 young (3072K), 3 survivors (3072K)
 Metaspace       used 53618K, committed 54336K, reserved 1114112K
  class space    used 7652K, committed 8000K, reserved 1048576K
}
Event: 494.571 GC heap before
{Heap before GC invocations=23 (full 0):
 garbage-first heap   total 87040K, used 67537K [0x0000000080000000, 0x0000000100000000)
  region size 1024K, 22 young (22528K), 3 survivors (3072K)
 Metaspace       used 53664K, committed 54400K, reserved 1114112K
  class space    used 7648K, committed 8000K, reserved 1048576K
}
Event: 494.573 GC heap after
{Heap after GC invocations=24 (full 0):
 garbage-first heap   total 87040K, used 47371K [0x0000000080000000, 0x0000000100000000)
  region size 1024K, 1 young (1024K), 1 survivors (1024K)
 Metaspace       used 53664K, committed 54400K, reserved 1114112K
  class space    used 7648K, committed 8000K, reserved 1048576K
}
Event: 494.832 GC heap before
{Heap before GC invocations=24 (full 0):
 garbage-first heap   total 87040K, used 68875K [0x0000000080000000, 0x0000000100000000)
  region size 1024K, 22 young (22528K), 1 survivors (1024K)
 Metaspace       used 54633K, committed 55424K, reserved 1114112K
  class space    used 7797K, committed 8128K, reserved 1048576K
}
Event: 494.835 GC heap after
{Heap after GC invocations=25 (full 0):
 garbage-first heap   total 87040K, used 49454K [0x0000000080000000, 0x0000000100000000)
  region size 1024K, 3 young (3072K), 3 survivors (3072K)
 Metaspace       used 54633K, committed 55424K, reserved 1114112K
  class space    used 7797K, committed 8128K, reserved 1048576K
}
Event: 495.037 GC heap before
{Heap before GC invocations=26 (full 0):
 garbage-first heap   total 89088K, used 69934K [0x0000000080000000, 0x0000000100000000)
  region size 1024K, 23 young (23552K), 3 survivors (3072K)
 Metaspace       used 55180K, committed 56000K, reserved 1114112K
  class space    used 7867K, committed 8256K, reserved 1048576K
}
Event: 495.039 GC heap after
{Heap after GC invocations=27 (full 0):
 garbage-first heap   total 89088K, used 50259K [0x0000000080000000, 0x0000000100000000)
  region size 1024K, 1 young (1024K), 1 survivors (1024K)
 Metaspace       used 55180K, committed 56000K, reserved 1114112K
  class space    used 7867K, committed 8256K, reserved 1048576K
}
Event: 495.075 GC heap before
{Heap before GC invocations=27 (full 0):
 garbage-first heap   total 89088K, used 53331K [0x0000000080000000, 0x0000000100000000)
  region size 1024K, 4 young (4096K), 1 survivors (1024K)
 Metaspace       used 55446K, committed 56192K, reserved 1114112K
  class space    used 7914K, committed 8256K, reserved 1048576K
}
Event: 495.076 GC heap after
{Heap after GC invocations=28 (full 0):
 garbage-first heap   total 89088K, used 49791K [0x0000000080000000, 0x0000000100000000)
  region size 1024K, 1 young (1024K), 1 survivors (1024K)
 Metaspace       used 55446K, committed 56192K, reserved 1114112K
  class space    used 7914K, committed 8256K, reserved 1048576K
}
Event: 495.441 GC heap before
{Heap before GC invocations=28 (full 0):
 garbage-first heap   total 89088K, used 71295K [0x0000000080000000, 0x0000000100000000)
  region size 1024K, 22 young (22528K), 1 survivors (1024K)
 Metaspace       used 59072K, committed 59904K, reserved 1114112K
  class space    used 8394K, committed 8832K, reserved 1048576K
}
Event: 495.443 GC heap after
{Heap after GC invocations=29 (full 0):
 garbage-first heap   total 89088K, used 50824K [0x0000000080000000, 0x0000000100000000)
  region size 1024K, 2 young (2048K), 2 survivors (2048K)
 Metaspace       used 59072K, committed 59904K, reserved 1114112K
  class space    used 8394K, committed 8832K, reserved 1048576K
}
Event: 496.287 GC heap before
{Heap before GC invocations=30 (full 0):
 garbage-first heap   total 94208K, used 71304K [0x0000000080000000, 0x0000000100000000)
  region size 1024K, 23 young (23552K), 2 survivors (2048K)
 Metaspace       used 63852K, committed 64576K, reserved 1114112K
  class space    used 8993K, committed 9344K, reserved 1048576K
}
Event: 496.289 GC heap after
{Heap after GC invocations=31 (full 0):
 garbage-first heap   total 94208K, used 53105K [0x0000000080000000, 0x0000000100000000)
  region size 1024K, 3 young (3072K), 3 survivors (3072K)
 Metaspace       used 63852K, committed 64576K, reserved 1114112K
  class space    used 8993K, committed 9344K, reserved 1048576K
}
Event: 496.326 GC heap before
{Heap before GC invocations=31 (full 0):
 garbage-first heap   total 94208K, used 53105K [0x0000000080000000, 0x0000000100000000)
  region size 1024K, 4 young (4096K), 3 survivors (3072K)
 Metaspace       used 64703K, committed 65408K, reserved 1114112K
  class space    used 9078K, committed 9408K, reserved 1048576K
}
Event: 496.328 GC heap after
{Heap after GC invocations=32 (full 0):
 garbage-first heap   total 94208K, used 53049K [0x0000000080000000, 0x0000000100000000)
  region size 1024K, 1 young (1024K), 1 survivors (1024K)
 Metaspace       used 64703K, committed 65408K, reserved 1114112K
  class space    used 9078K, committed 9408K, reserved 1048576K
}
Event: 496.960 GC heap before
{Heap before GC invocations=32 (full 0):
 garbage-first heap   total 94208K, used 74553K [0x0000000080000000, 0x0000000100000000)
  region size 1024K, 23 young (23552K), 1 survivors (1024K)
 Metaspace       used 66890K, committed 67712K, reserved 1114112K
  class space    used 9411K, committed 9792K, reserved 1048576K
}
Event: 497.083 GC heap after
{Heap after GC invocations=33 (full 0):
 garbage-first heap   total 120832K, used 53923K [0x0000000080000000, 0x0000000100000000)
  region size 1024K, 2 young (2048K), 2 survivors (2048K)
 Metaspace       used 66890K, committed 67712K, reserved 1114112K
  class space    used 9411K, committed 9792K, reserved 1048576K
}

